y:\google drive\extended year\oop\hw4\vs\tick-tac-toe\tick_tac-tow-4x4\debug\tick_tactow4x4.gamewindow.resources
z:\google drive\extended year\oop\hw4\vs\tick-tac-toe\tick_tac-tow-4x4\debug\tick_tactow4x4.gamewindow.resources
y:\google drive\extended year\oop\hw4\vs\tick-tac-toe\debug\tick_tac-tow-4x4.exe
y:\google drive\extended year\oop\hw4\vs\tick-tac-toe\debug\tick_tac-tow-4x4.pdb
z:\google drive\extended year\oop\hw4\vs\tick-tac-toe\debug\tick_tac-tow-4x4.exe
z:\google drive\extended year\oop\hw4\vs\tick-tac-toe\debug\tick_tac-tow-4x4.pdb
y:\google drive\extended year\oop\hw4\vs\tick-tac-toe\tick_tac-tow-4x4\debug\app.res
z:\google drive\extended year\oop\hw4\vs\tick-tac-toe\tick_tac-tow-4x4\debug\app.res
y:\google drive\extended year\oop\hw4\vs\tick-tac-toe\tick_tac-tow-4x4\debug\tick_tac-tow-4x4.pch
y:\google drive\extended year\oop\hw4\vs\tick-tac-toe\tick_tac-tow-4x4\debug\vc140.pdb
y:\google drive\extended year\oop\hw4\vs\tick-tac-toe\tick_tac-tow-4x4\debug\stdafx.obj
y:\google drive\extended year\oop\hw4\vs\tick-tac-toe\tick_tac-tow-4x4\debug\gamewindow.obj
y:\google drive\extended year\oop\hw4\vs\tick-tac-toe\tick_tac-tow-4x4\debug\assemblyinfo.obj
y:\google drive\extended year\oop\hw4\vs\tick-tac-toe\tick_tac-tow-4x4\debug\tick_tac-tow-4x4.obj
z:\google drive\extended year\oop\hw4\vs\tick-tac-toe\tick_tac-tow-4x4\debug\tick_tac-tow-4x4.pch
z:\google drive\extended year\oop\hw4\vs\tick-tac-toe\tick_tac-tow-4x4\debug\vc140.pdb
z:\google drive\extended year\oop\hw4\vs\tick-tac-toe\tick_tac-tow-4x4\debug\stdafx.obj
z:\google drive\extended year\oop\hw4\vs\tick-tac-toe\tick_tac-tow-4x4\debug\tick_tac-tow-4x4.obj
z:\google drive\extended year\oop\hw4\vs\tick-tac-toe\tick_tac-tow-4x4\debug\gamewindow.obj
z:\google drive\extended year\oop\hw4\vs\tick-tac-toe\tick_tac-tow-4x4\debug\assemblyinfo.obj
z:\google drive\extended year\oop\hw4\vs\tick-tac-toe\tick_tac-tow-4x4\debug\.netframework,version=v4.5.2.assemblyattributes.obj
z:\google drive\extended year\oop\hw4\vs\tick-tac-toe\tick_tac-tow-4x4\debug\.netframework,version=v4.5.2.assemblyattributes.asm
z:\google drive\extended year\oop\hw4\vs\tick-tac-toe\tick_tac-tow-4x4\debug\tick_tac-tow-4x4.vcxprojresolveassemblyreference.cache
z:\google drive\extended year\oop\hw4\vs\tick-tac-toe\tick_tac-tow-4x4\debug\tick_tac-tow-4x4.vcxproj.generateresource.cache
z:\google drive\extended year\oop\hw4\vs\tick-tac-toe\tick_tac-tow-4x4\debug\tick_tac-tow-4x4.tlog\link.read.1.tlog
z:\google drive\extended year\oop\hw4\vs\tick-tac-toe\tick_tac-tow-4x4\debug\tick_tac-tow-4x4.tlog\metagen.write.1.tlog
z:\google drive\extended year\oop\hw4\vs\tick-tac-toe\tick_tac-tow-4x4\debug\tick_tac-tow-4x4.tlog\link.command.1.tlog
z:\google drive\extended year\oop\hw4\vs\tick-tac-toe\tick_tac-tow-4x4\debug\tick_tac-tow-4x4.tlog\rc.command.1.tlog
z:\google drive\extended year\oop\hw4\vs\tick-tac-toe\tick_tac-tow-4x4\debug\tick_tac-tow-4x4.tlog\tick_tac-tow-4x4.write.1u.tlog
z:\google drive\extended year\oop\hw4\vs\tick-tac-toe\tick_tac-tow-4x4\debug\tick_tac-tow-4x4.tlog\link.write.1.tlog
z:\google drive\extended year\oop\hw4\vs\tick-tac-toe\tick_tac-tow-4x4\debug\tick_tac-tow-4x4.tlog\cl.read.1.tlog
z:\google drive\extended year\oop\hw4\vs\tick-tac-toe\tick_tac-tow-4x4\debug\tick_tac-tow-4x4.tlog\rc.write.1.tlog
z:\google drive\extended year\oop\hw4\vs\tick-tac-toe\tick_tac-tow-4x4\debug\tick_tac-tow-4x4.tlog\cl.command.1.tlog
z:\google drive\extended year\oop\hw4\vs\tick-tac-toe\tick_tac-tow-4x4\debug\tick_tac-tow-4x4.tlog\rc.read.1.tlog
z:\google drive\extended year\oop\hw4\vs\tick-tac-toe\tick_tac-tow-4x4\debug\tick_tac-tow-4x4.tlog\cl.write.1.tlog
z:\google drive\extended year\oop\hw4\vs\tick-tac-toe\tick_tac-tow-4x4\debug\tick_tac-tow-4x4.tlog\metagen.read.1.tlog
z:\google drive\extended year\oop\hw4\vs\tick-tac-toe\tick_tac-tow-4x4\debug\tick_tac-tow-4x4.tlog\tzres.dll.bi
