z:\google drive\extended year\oop\hw4\vs\tick-tac-toe\debug\tick-tac-toe.exe
z:\google drive\extended year\oop\hw4\vs\tick-tac-toe\debug\tick-tac-toe.pdb
z:\google drive\extended year\oop\hw4\vs\tick-tac-toe\tick-tac-toe\debug\app.res
z:\google drive\extended year\oop\hw4\vs\tick-tac-toe\tick-tac-toe\debug\ticktactoe.gamewindow.resources
z:\google drive\extended year\oop\hw4\vs\tick-tac-toe\tick-tac-toe\debug\tick-tac-toe.pch
z:\google drive\extended year\oop\hw4\vs\tick-tac-toe\tick-tac-toe\debug\vc140.pdb
z:\google drive\extended year\oop\hw4\vs\tick-tac-toe\tick-tac-toe\debug\stdafx.obj
z:\google drive\extended year\oop\hw4\vs\tick-tac-toe\tick-tac-toe\debug\tick-tac-toe.obj
z:\google drive\extended year\oop\hw4\vs\tick-tac-toe\tick-tac-toe\debug\gamewindow.obj
z:\google drive\extended year\oop\hw4\vs\tick-tac-toe\tick-tac-toe\debug\assemblyinfo.obj
z:\google drive\extended year\oop\hw4\vs\tick-tac-toe\tick-tac-toe\debug\.netframework,version=v4.5.2.assemblyattributes.obj
z:\google drive\extended year\oop\hw4\vs\tick-tac-toe\tick-tac-toe\debug\.netframework,version=v4.5.2.assemblyattributes.asm
z:\google drive\extended year\oop\hw4\vs\tick-tac-toe\tick-tac-toe\debug\tick-tac-toe.vcxproj.generateresource.cache
z:\google drive\extended year\oop\hw4\vs\tick-tac-toe\tick-tac-toe\debug\tick-tac-toe.vcxprojresolveassemblyreference.cache
z:\google drive\extended year\oop\hw4\vs\tick-tac-toe\tick-tac-toe\debug\tick-tac-toe.tlog\link.read.1.tlog
z:\google drive\extended year\oop\hw4\vs\tick-tac-toe\tick-tac-toe\debug\tick-tac-toe.tlog\metagen.write.1.tlog
z:\google drive\extended year\oop\hw4\vs\tick-tac-toe\tick-tac-toe\debug\tick-tac-toe.tlog\link.command.1.tlog
z:\google drive\extended year\oop\hw4\vs\tick-tac-toe\tick-tac-toe\debug\tick-tac-toe.tlog\rc.command.1.tlog
z:\google drive\extended year\oop\hw4\vs\tick-tac-toe\tick-tac-toe\debug\tick-tac-toe.tlog\link.write.1.tlog
z:\google drive\extended year\oop\hw4\vs\tick-tac-toe\tick-tac-toe\debug\tick-tac-toe.tlog\cl.read.1.tlog
z:\google drive\extended year\oop\hw4\vs\tick-tac-toe\tick-tac-toe\debug\tick-tac-toe.tlog\rc.write.1.tlog
z:\google drive\extended year\oop\hw4\vs\tick-tac-toe\tick-tac-toe\debug\tick-tac-toe.tlog\tick-tac-toe.write.1u.tlog
z:\google drive\extended year\oop\hw4\vs\tick-tac-toe\tick-tac-toe\debug\tick-tac-toe.tlog\cl.command.1.tlog
z:\google drive\extended year\oop\hw4\vs\tick-tac-toe\tick-tac-toe\debug\tick-tac-toe.tlog\rc.read.1.tlog
z:\google drive\extended year\oop\hw4\vs\tick-tac-toe\tick-tac-toe\debug\tick-tac-toe.tlog\cl.write.1.tlog
z:\google drive\extended year\oop\hw4\vs\tick-tac-toe\tick-tac-toe\debug\tick-tac-toe.tlog\metagen.read.1.tlog
z:\google drive\extended year\oop\hw4\vs\tick-tac-toe\tick-tac-toe\debug\tick-tac-toe.tlog\tzres.dll.bi
